build/app/intermediates/manifest_merge_blame_file/debug/manifest-merger-blame-debug-report.txt
1<?xml version="1.0" encoding="utf-8"?>
2<manifest xmlns:android="http://schemas.android.com/apk/res/android"
3    package="com.example.booklibrary"
4    android:versionCode="1"
5    android:versionName="1.0.0" >
6
7    <uses-sdk
8        android:minSdkVersion="16"
9        android:targetSdkVersion="30" />
10    <!--
11         Flutter needs it to communicate with the running application
12         to allow setting breakpoints, to provide hot reload, etc.
13    -->
14    <uses-permission android:name="android.permission.INTERNET" />
14-->src\debug\AndroidManifest.xml:6:5-66
14-->src\debug\AndroidManifest.xml:6:22-64
15    <uses-permission android:name="com.google.android.finsky.permission.BIND_GET_INSTALL_REFERRER_SERVICE" />
15-->[com.android.installreferrer:installreferrer:1.0] AndroidManifest.xml:9:5-110
15-->[com.android.installreferrer:installreferrer:1.0] AndroidManifest.xml:9:22-107
16    <!--
17 io.flutter.app.FlutterApplication is an android.app.Application that
18         calls FlutterMain.startInitialization(this); in its onCreate method.
19         In most cases you can leave this as-is, but you if you want to provide
20         additional functionality it is fine to subclass or reimplement
21         FlutterApplication and put your custom class here.
22    -->
23    <application
23-->src\main\AndroidManifest.xml:8:5-58:19
24        android:name="io.flutter.app.FlutterApplication"
24-->src\main\AndroidManifest.xml:9:9-57
25        android:appComponentFactory="androidx.core.app.CoreComponentFactory"
25-->[androidx.core:core:1.3.2] AndroidManifest.xml:24:18-86
26        android:debuggable="true"
27        android:icon="@mipmap/ic_launcher"
27-->src\main\AndroidManifest.xml:11:9-43
28        android:label="bookstore"
28-->src\main\AndroidManifest.xml:10:9-34
29        android:supportsRtl="true" >
29-->[com.facebook.android:facebook-login:9.1.0] AndroidManifest.xml:28:18-44
30        <activity
30-->src\main\AndroidManifest.xml:12:9-40:20
31            android:name="com.example.bookstore.MainActivity"
31-->src\main\AndroidManifest.xml:13:13-41
32            android:configChanges="orientation|keyboardHidden|keyboard|screenSize|smallestScreenSize|locale|layoutDirection|fontScale|screenLayout|density|uiMode"
32-->src\main\AndroidManifest.xml:16:13-163
33            android:hardwareAccelerated="true"
33-->src\main\AndroidManifest.xml:17:13-47
34            android:launchMode="singleTop"
34-->src\main\AndroidManifest.xml:14:13-43
35            android:theme="@style/LaunchTheme"
35-->src\main\AndroidManifest.xml:15:13-47
36            android:windowSoftInputMode="adjustResize" >
36-->src\main\AndroidManifest.xml:18:13-55
37
38            <!--
39                 Specifies an Android theme to apply to this Activity as soon as
40                 the Android process has started. This theme is visible to the user
41                 while the Flutter UI initializes. After that, this theme continues
42                 to determine the Window background behind the Flutter UI.
43            -->
44            <meta-data
44-->src\main\AndroidManifest.xml:23:13-26:17
45                android:name="io.flutter.embedding.android.NormalTheme"
45-->src\main\AndroidManifest.xml:24:15-70
46                android:resource="@style/NormalTheme" />
46-->src\main\AndroidManifest.xml:25:15-52
47            <!--
48                 Displays an Android View that continues showing the launch screen
49                 Drawable until Flutter paints its first frame, then this splash
50                 screen fades out. A splash screen is useful to avoid any visual
51                 gap between the end of Android's launch screen and the painting of
52                 Flutter's first frame.
53            -->
54            <meta-data
54-->src\main\AndroidManifest.xml:32:13-35:17
55                android:name="io.flutter.embedding.android.SplashScreenDrawable"
55-->src\main\AndroidManifest.xml:33:15-79
56                android:resource="@drawable/launch_background" />
56-->src\main\AndroidManifest.xml:34:15-61
57
58            <intent-filter>
58-->src\main\AndroidManifest.xml:36:13-39:29
59                <action android:name="android.intent.action.MAIN" />
59-->src\main\AndroidManifest.xml:37:17-68
59-->src\main\AndroidManifest.xml:37:25-66
60
61                <category android:name="android.intent.category.LAUNCHER" />
61-->src\main\AndroidManifest.xml:38:17-76
61-->src\main\AndroidManifest.xml:38:27-74
62            </intent-filter>
63        </activity>
64        <!--
65             Don't delete the meta-data below.
66             This is used by the Flutter tool to generate GeneratedPluginRegistrant.java
67        -->
68        <meta-data
68-->src\main\AndroidManifest.xml:43:9-45:33
69            android:name="flutterEmbedding"
69-->src\main\AndroidManifest.xml:44:13-44
70            android:value="2" />
70-->src\main\AndroidManifest.xml:45:13-30
71        <meta-data
71-->src\main\AndroidManifest.xml:46:9-107
72            android:name="com.facebook.sdk.ApplicationId"
72-->src\main\AndroidManifest.xml:46:20-65
73            android:value="@string/facebook_app_id" />
73-->src\main\AndroidManifest.xml:46:66-105
74
75        <activity
75-->src\main\AndroidManifest.xml:47:9-48:110
76            android:name="com.facebook.FacebookActivity"
76-->src\main\AndroidManifest.xml:47:19-63
77            android:configChanges="keyboard|keyboardHidden|screenLayout|screenSize|orientation"
77-->src\main\AndroidManifest.xml:47:64-160
78            android:label="@string/app_name"
78-->src\main\AndroidManifest.xml:48:75-107
79            android:theme="@style/com_facebook_activity_theme" />
79-->[com.facebook.android:facebook-common:9.1.0] AndroidManifest.xml:33:13-63
80        <activity
80-->src\main\AndroidManifest.xml:50:9-57:20
81            android:name="com.facebook.CustomTabActivity"
81-->src\main\AndroidManifest.xml:50:19-64
82            android:exported="true" >
82-->src\main\AndroidManifest.xml:50:65-88
83            <intent-filter>
83-->src\main\AndroidManifest.xml:51:13-56:29
84                <action android:name="android.intent.action.VIEW" />
84-->src\main\AndroidManifest.xml:52:17-69
84-->src\main\AndroidManifest.xml:52:25-66
85
86                <category android:name="android.intent.category.DEFAULT" />
86-->src\main\AndroidManifest.xml:53:17-76
86-->src\main\AndroidManifest.xml:53:27-73
87                <category android:name="android.intent.category.BROWSABLE" />
87-->src\main\AndroidManifest.xml:54:17-78
87-->src\main\AndroidManifest.xml:54:27-75
88
89                <data android:scheme="@string/fb_login_protocol_scheme" />
89-->src\main\AndroidManifest.xml:55:17-75
89-->src\main\AndroidManifest.xml:55:23-72
90            </intent-filter>
91            <intent-filter>
91-->[com.facebook.android:facebook-common:9.1.0] AndroidManifest.xml:39:13-48:29
92                <action android:name="android.intent.action.VIEW" />
92-->src\main\AndroidManifest.xml:52:17-69
92-->src\main\AndroidManifest.xml:52:25-66
93
94                <category android:name="android.intent.category.DEFAULT" />
94-->src\main\AndroidManifest.xml:53:17-76
94-->src\main\AndroidManifest.xml:53:27-73
95                <category android:name="android.intent.category.BROWSABLE" />
95-->src\main\AndroidManifest.xml:54:17-78
95-->src\main\AndroidManifest.xml:54:27-75
96
97                <data
97-->src\main\AndroidManifest.xml:55:17-75
98                    android:host="cct.com.example.booklibrary"
99                    android:scheme="fbconnect" />
99-->src\main\AndroidManifest.xml:55:23-72
100            </intent-filter>
101        </activity>
102        <activity android:name="com.facebook.CustomTabMainActivity" />
102-->[com.facebook.android:facebook-common:9.1.0] AndroidManifest.xml:34:9-71
102-->[com.facebook.android:facebook-common:9.1.0] AndroidManifest.xml:34:19-68
103        <!--
104         The initialization ContentProvider will call FacebookSdk.sdkInitialize automatically
105         with the application context. This config is merged in with the host app's manifest,
106         but there can only be one provider with the same authority activated at any given
107         point; so if the end user has two or more different apps that use Facebook SDK, only the
108         first one will be able to use the provider. To work around this problem, we use the
109         following placeholder in the authority to identify each host application as if it was
110         a completely different provider.
111        -->
112        <provider
112-->[com.facebook.android:facebook-core:9.1.0] AndroidManifest.xml:39:9-42:40
113            android:name="com.facebook.internal.FacebookInitProvider"
113-->[com.facebook.android:facebook-core:9.1.0] AndroidManifest.xml:40:13-70
114            android:authorities="com.example.booklibrary.FacebookInitProvider"
114-->[com.facebook.android:facebook-core:9.1.0] AndroidManifest.xml:41:13-72
115            android:exported="false" />
115-->[com.facebook.android:facebook-core:9.1.0] AndroidManifest.xml:42:13-37
116
117        <receiver
117-->[com.facebook.android:facebook-core:9.1.0] AndroidManifest.xml:44:9-50:20
118            android:name="com.facebook.CurrentAccessTokenExpirationBroadcastReceiver"
118-->[com.facebook.android:facebook-core:9.1.0] AndroidManifest.xml:45:13-86
119            android:exported="false" >
119-->[com.facebook.android:facebook-core:9.1.0] AndroidManifest.xml:46:13-37
120            <intent-filter>
120-->[com.facebook.android:facebook-core:9.1.0] AndroidManifest.xml:47:13-49:29
121                <action android:name="com.facebook.sdk.ACTION_CURRENT_ACCESS_TOKEN_CHANGED" />
121-->[com.facebook.android:facebook-core:9.1.0] AndroidManifest.xml:48:17-95
121-->[com.facebook.android:facebook-core:9.1.0] AndroidManifest.xml:48:25-92
122            </intent-filter>
123        </receiver>
124    </application>
125
126</manifest>